<?xml version="1.0" encoding="UTF-8"?>
<testng-results skipped="0" failed="0" total="2" passed="2">
  <reporter-output>
  </reporter-output>
  <suite name="Default suite" duration-ms="27" started-at="2011-11-18T14:43:50Z" finished-at="2011-11-18T14:43:50Z">
    <groups>
    </groups>
    <test name="Default test" duration-ms="27" started-at="2011-11-18T14:43:50Z" finished-at="2011-11-18T14:43:50Z">
      <class name="es.cea.TestServicioPeriodico">
        <test-method status="PASS" signature="pruebaDameNoticiasFALSO()[pri:0, instance:es.cea.TestServicioPeriodico@13790eb]" name="pruebaDameNoticiasFALSO" duration-ms="13" started-at="2011-11-18T14:43:50Z" finished-at="2011-11-18T14:43:50Z">
        </test-method>
        <test-method status="PASS" signature="pruebaDameNoticiasOK()[pri:0, instance:es.cea.TestServicioPeriodico@13790eb]" name="pruebaDameNoticiasOK" duration-ms="1" started-at="2011-11-18T14:43:50Z" finished-at="2011-11-18T14:43:50Z">
        </test-method>
      </class>
    </test>
  </suite>
</testng-results>
